flutter/build/app/outputs/mapping/release/seeds.txt
com.baitaplon.MainActivity
com.baitaplon.MainActivity: MainActivity()
...
com.google.firebase.analytics.connector.internal.AnalyticsConnectorRegistrar: java.util.List getComponents()
com.google.android.gms.internal.measurement.zzdj: int zzf
com.google.android.gms.internal.measurement.zzdj: com.google.android.gms.internal.measurement.zzdo zzS
org.xmlpull.v1.XmlPullParser: java.lang.String getAttributeName(int)
io.flutter.embedding.engine.plugins.lifecycle.HiddenLifecycleReference: androidx.lifecycle.Lifecycle getLifecycle()
org.xmlpull.v1.XmlPullParser: void setInput(java.io.Reader)
org.xmlpull.v1.XmlPullParser: java.lang.String[] TYPES
androidx.lifecycle.CompositeGeneratedAdaptersObserver
io.flutter.embedding.engine.FlutterJNI: void nativeSurfaceWindowChanged(long,android.view.Surface)
com.google.android.gms.common.internal.zzb: android.os.Parcelable$Creator CREATOR
com.google.android.gms.internal.measurement.zzcf: boolean zzj
io.flutter.embedding.android.FlutterSplashView$SavedState: android.os.Bundle access$700(io.flutter.embedding.android.FlutterSplashView$SavedState)
io.flutter.embedding.engine.FlutterJNI: void setPlatformViewsController(io.flutter.plugin.platform.PlatformViewsController)
io.flutter.embedding.engine.FlutterJNI: void nativeSurfaceDestroyed(long)
com.google.android.gms.internal.measurement.zzdh: com.google.android.gms.internal.measurement.zzdh zze
io.flutter.embedding.android.FlutterView$ZeroSides: io.flutter.embedding.android.FlutterView$ZeroSides valueOf(java.lang.String)
com.google.firebase.installations.FirebaseInstallationsRegistrar: com.google.firebase.installations.FirebaseInstallationsApi lambda$getComponents$0(com.google.firebase.components.ComponentContainer)
io.flutter.plugin.editing.TextInputPlugin$InputTarget$Type: io.flutter.plugin.editing.TextInputPlugin$InputTarget$Type[] values()
com.google.android.gms.internal.measurement.zzeg: double zzj
com.google.android.gms.internal.measurement.zzcp: com.google.android.gms.internal.measurement.zzcp zzn
io.flutter.embedding.engine.FlutterJNI: void onSurfaceCreated(android.view.Surface)
com.google.android.gms.measurement.AppMeasurement$ConditionalUserProperty: android.os.Bundle mTriggeredEventParams
io.flutter.plugin.platform.SingleViewPresentation: io.flutter.plugin.platform.SingleViewPresentation$PresentationState detachState()
io.flutter.embedding.android.FlutterView$ZeroSides: io.flutter.embedding.android.FlutterView$ZeroSides[] values()
io.flutter.embedding.android.FlutterSplashView$SavedState: java.lang.String previousCompletedSplashIsolate
com.google.android.gms.internal.measurement.zzeg: int zza
com.google.common.util.concurrent.AbstractFuture: com.google.common.util.concurrent.AbstractFuture$Waiter waiters
io.flutter.embedding.engine.renderer.SurfaceTextureWrapper: void attachToGLContext(int)
io.flutter.plugin.platform.SingleViewPresentation: android.content.Context outerContext
com.google.android.gms.internal.measurement.zzdj: com.google.android.gms.internal.measurement.zzdj zzZ
androidx.core.app.RemoteActionCompatParcelizer: void write(androidx.core.app.RemoteActionCompat,androidx.versionedparcelable.VersionedParcel)
org.xmlpull.v1.XmlPullParser: int nextTag()
io.flutter.view.FlutterCallbackInformation: io.flutter.view.FlutterCallbackInformation lookupCallbackInformation(long)
io.flutter.embedding.engine.FlutterJNI: void updateSemantics(java.nio.ByteBuffer,java.lang.String[])
com.google.android.gms.internal.measurement.zzby: com.google.android.gms.internal.measurement.zzck zze
io.flutter.plugin.editing.ImeSyncDeferringInsetsCallback: android.view.View access$600(io.flutter.plugin.editing.ImeSyncDeferringInsetsCallback)
com.google.android.gms.internal.measurement.zzcf: boolean zzi
com.google.android.gms.internal.measurement.zzcz: int zza
io.flutter.embedding.engine.FlutterJNI: void dispatchSemanticsAction(int,io.flutter.view.AccessibilityBridge$Action,java.lang.Object)
com.google.android.gms.internal.measurement.zzdj: long zzn