flutter/build/app/outputs/mapping/release/mapping.txt
# compiler: R8
# compiler_version: 2.1.86
# min_api: 16
# pg_map_id: 4b3a298
# common_typos_disable
...
com.google.android.gms.internal.measurement.zzla -> b.a.a.a.d.c.n9:
    long zzG() -> A
    long zzB() -> B
    long zzs() -> C
    long zzA() -> D
    long zzr() -> E
    long zzu() -> F
    long zzD() -> G
    long zzC() -> H
    long zzt() -> I
    long zza() -> a
    long zzb() -> b
    long zzc() -> c
    java.lang.String zzd() -> d
    java.lang.String zze() -> e
    long zzi() -> f
    long zzh() -> g
    long zzk() -> h
    long zzj() -> i
    long zzg() -> j
    long zzo() -> k
    long zzn() -> l
    long zzq() -> m
    long zzp() -> n
    long zzz() -> o
    long zzI() -> p
    long zzm() -> q
    long zzl() -> r
    long zzw() -> s
    long zzF() -> t
    long zzv() -> u
    long zzE() -> v
    long zzf() -> w
    long zzy() -> x
    java.lang.String zzH() -> y
    long zzx() -> z
com.google.android.gms.internal.measurement.zzlb -> b.a.a.a.d.c.o9:
    com.google.android.gms.internal.measurement.zzfg zzn -> m
    com.google.android.gms.internal.measurement.zzfg zzp -> o
    com.google.android.gms.internal.measurement.zzfg zzt -> q
    com.google.android.gms.internal.measurement.zzfg zzv -> s
    com.google.android.gms.internal.measurement.zzfg zzx -> u
    com.google.android.gms.internal.measurement.zzfg zzz -> w
    com.google.android.gms.internal.measurement.zzfg zzB -> y
    com.google.android.gms.internal.measurement.zzfg zzE -> B
    com.google.android.gms.internal.measurement.zzfg zza -> a
    com.google.android.gms.internal.measurement.zzfg zzG -> D
    com.google.android.gms.internal.measurement.zzfg zzc -> c
    com.google.android.gms.internal.measurement.zzfg zzI -> F
    com.google.android.gms.internal.measurement.zzfg zzf -> e
    com.google.android.gms.internal.measurement.zzfg zzK -> H
    com.google.android.gms.internal.measurement.zzfg zzh -> g
    com.google.android.gms.internal.measurement.zzfg zzj -> i
    com.google.android.gms.internal.measurement.zzfg zzl -> k
    com.google.android.gms.internal.measurement.zzfg zzo -> n
    com.google.android.gms.internal.measurement.zzfg zzr -> p
    com.google.android.gms.internal.measurement.zzfg zzu -> r
    com.google.android.gms.internal.measurement.zzfg zzw -> t
    com.google.android.gms.internal.measurement.zzfg zzy -> v
    com.google.android.gms.internal.measurement.zzfg zzA -> x
com.google.android.gms.internal.measurement.zzlc -> b.a.a.a.d.c.p9:
    com.google.android.gms.internal.measurement.zzfo zzb -> a
    com.google.android.gms.internal.measurement.zzlc zza -> b
    java.lang.Object zza() -> a
    boolean zzb() -> b
    boolean zzc() -> c
    boolean zzd() -> d
    boolean zze() -> e
    long zzf() -> f
    com.google.android.gms.internal.measurement.zzld zzg() -> g
com.google.android.gms.internal.measurement.zzld -> b.a.a.a.d.c.q9:
    boolean zza() -> a
    boolean zzb() -> b
    boolean zzc() -> c
    boolean zzd() -> d
    long zze() -> e
com.google.android.gms.internal.measurement.zzle -> b.a.a.a.d.c.r9:
    com.google.android.gms.internal.measurement.zzfg zzb -> b
    com.google.android.gms.internal.measurement.zzfg zza -> a
    com.google.android.gms.internal.measurement.zzfg zze -> d
    com.google.android.gms.internal.measurement.zzfg zzc -> c
    boolean zza() -> a
    boolean zzb() -> b
    boolean zzc() -> c
    boolean zzd() -> d
    long zze() -> e
com.google.android.gms.internal.measurement.zzlf -> b.a.a.a.d.c.s9:
    com.google.android.gms.internal.measurement.zzlf zza -> b
    com.google.android.gms.internal.measurement.zzfo zzb -> a
    java.lang.Object zza() -> a
    boolean zzb() -> b
    com.google.android.gms.internal.measurement.zzlg zzc() -> c
com.google.android.gms.internal.measurement.zzlg -> b.a.a.a.d.c.t9:
    boolean zza() -> a
com.google.android.gms.internal.measurement.zzlh -> b.a.a.a.d.c.u9:
    com.google.android.gms.internal.measurement.zzfg zza -> a
    boolean zza() -> a