flutter/build/app/outputs/mapping/release/usage.txt
com.baitaplon.R$dimen
com.baitaplon.R$string
com.baitaplon.R$layout
com.baitaplon.R
com.baitaplon.R$mipmap
com.baitaplon.BuildConfig
com.baitaplon.R$style
com.baitaplon.R$id
com.baitaplon.R$drawable
com.baitaplon.R$attr
com.baitaplon.R$styleable
com.baitaplon.R$integer
com.baitaplon.R$color
...
com.google.common.io.ByteProcessor
kotlin.coroutines.jvm.internal.RestrictedSuspendLambda
org.hamcrest.text.IsEmptyString
androidx.test.espresso.assertion.PositionAssertions
com.google.common.collect.Tables$TransposeTable
com.google.common.collect.Maps$UnmodifiableEntrySet
androidx.test.espresso.base.NoopIdleNotificationCallbackIdleNotifierProvider$1
com.google.android.gms.common.util.ArrayUtils
com.google.common.collect.Lists$AbstractListWrapper
com.google.common.util.concurrent.CycleDetectingLockFactory$WithExplicitOrdering
com.google.firebase.analytics.connector.AnalyticsConnectorImpl$1
androidx.test.espresso.base.RootsOracle
androidx.core.database.sqlite.SQLiteCursorCompat
kotlin.coroutines.experimental.CoroutineContext
org.checkerframework.checker.nullness.compatqual.KeyForType
com.google.common.collect.AbstractMultiset$EntrySet
androidx.test.espresso.IdlingResource
dev.flutter.integration_test.R$dimen
androidx.test.espresso.action.GeneralSwipeAction
io.flutter.embedding.android.FlutterView$RenderMode
com.google.common.collect.Lists$ReverseList$1
com.google.android.gms.measurement.internal.zzkm:
    void <init>()
androidx.core.view.ViewPropertyAnimatorListener
io.flutter.embedding.engine.loader.FlutterLoader$2
com.google.common.base.Suppliers$ThreadSafeSupplier
io.flutter.embedding.android.AndroidTouchProcessor$PointerSignalKind
androidx.test.espresso.core.internal.deps.guava.cache.LocalCache$Segment
com.google.common.hash.LittleEndianByteArray$UnsafeByteArray$1
kotlin.ranges.LongRange$Companion
org.junit.rules.Verifier
kotlin.ranges.IntProgression$Companion
kotlin.annotation.MustBeDocumented
kotlin.reflect.KFunction$DefaultImpls
com.google.common.collect.CompoundOrdering
kotlin.ranges.ULongRange
com.google.j2objc.annotations.Weak
com.google.android.gms.internal.common.zzc:
    public static void zzb(android.os.Parcel,android.os.Parcelable)
androidx.fragment.app.FragmentManagerImpl$3
io.flutter.plugin.common.BinaryCodec
com.google.common.io.MultiReader
com.google.common.collect.ForwardingSortedSetMultimap
kotlin.reflect.KTypeParameter
com.google.common.math.Quantiles$ScaleAndIndexes
org.junit.rules.ExpectedException$ExpectedExceptionStatement
com.google.common.collect.AbstractMapBasedMultimap
kotlin.text.StringsKt__StringsKt
com.google.common.reflect.ClassPath$ClassInfo
com.google.common.collect.FluentIterable$3$1
com.google.android.gms.internal.measurement.zzaj
com.squareup.javawriter.JavaWriter$Scope
com.google.common.collect.Synchronized$SynchronizedSet
androidx.annotation.ColorLong
org.xmlpull.v1.XmlPullParser
io.flutter.view.FlutterNativeView
androidx.core.view.AccessibilityDelegateCompat
com.google.common.collect.LinkedListMultimap$1ValuesImpl$1
androidx.test.espresso.util.TreeIterables$TraversalStrategy
org.hamcrest.Description$NullDescription
kotlin.text.StringsKt___StringsKt
com.google.common.collect.Synchronized$SynchronizedTable
com.google.common.collect.FluentIterable$2
com.google.firebase.installations.InstallationTokenResult
com.google.common.collect.Cut$1
com.google.common.util.concurrent.AbstractScheduledService$CustomScheduler
kotlin.jvm.internal.PropertyReference1Impl
com.google.firebase.internal.DataCollectionConfigStorage:
    private synchronized void updateDataCollectionDefaultEnabled(boolean)
    public synchronized void setEnabled(java.lang.Boolean)
    private static final java.lang.String FIREBASE_APP_PREFS
    public static final java.lang.String DATA_COLLECTION_DEFAULT_ENABLED
androidx.core.text.util.FindAddress
com.google.common.collect.ImmutableMultimap$KeysSerializedForm
com.google.common.collect.Maps$AsMapView$1EntrySetImpl
com.google.common.base.Suppliers$SupplierFunctionImpl
androidx.core.view.ActionProvider$VisibilityListener
com.google.common.cache.LocalCache$SoftValueReference
com.google.common.base.CharMatcher$ForPredicate
androidx.annotation.ContentView
com.google.common.collect.TreeTraverser$3
kotlin.coroutines.jvm.internal.CoroutineStackFrame